ISim log file
Running: D:\Personal\XIE\Semesters\TE\Sem VI\Mini Project 2-B\Simulation\Traffic_Light_Control\Traffic_tb_isim_beh.exe -intstyle ise -gui -tclbatch isim.cmd -wdb D:/Personal/XIE/Semesters/TE/Sem VI/Mini Project 2-B/Simulation/Traffic_Light_Control/Traffic_tb_isim_beh.wdb 
ISim P.58f (signature 0x7708f090)
WARNING: A WEBPACK license was found.
WARNING: Please use Xilinx License Configuration Manager to check out a full ISim license.
WARNING: ISim will run in Lite mode. Please refer to the ISim documentation for more information on the differences between the Lite and the Full version.
This is a Lite version of ISim.
Time resolution is 1 ps
# onerror resume
# wave add /
# run 1000 ns
Simulator is doing circuit initialization process.
Stopped at time : 0 ps :  in File "D:/Personal/XIE/Semesters/TE/Sem VI/Mini Project 2-B/Simulation/Traffic_Light_Control/Traffic_tb.v" Line 16 
# run all
Finished circuit initialization process.
# run all
Stopped at time : 2 s : File "D:/Personal/XIE/Semesters/TE/Sem VI/Mini Project 2-B/Simulation/Traffic_Light_Control/Traffic_tb.v" Line 25
# run all
ERROR: In process Traffic_tb.vInitial_10_0 
 FATAL ERROR:ISim: This application has discovered an exceptional condition from which it cannot recover. Process will terminate. To search for possible resolutions to this issue, refer to the Xilinx answer database by going to http://www.xilinx.com/support/answers/index.htm and search with keywords 'ISim' and 'FATAL ERROR'. For technical support on this issue, please open a WebCase with this project attached at http://www.xilinx.com/support.
INFO: Simulator is stopped.
ISim P.58f (signature 0x7708f090)
WARNING: A WEBPACK license was found.
WARNING: Please use Xilinx License Configuration Manager to check out a full ISim license.
WARNING: ISim will run in Lite mode. Please refer to the ISim documentation for more information on the differences between the Lite and the Full version.
This is a Lite version of ISim.
# run 1000 ns
Simulator is doing circuit initialization process.
Stopped at time : 0 ps :  in File "D:/Personal/XIE/Semesters/TE/Sem VI/Mini Project 2-B/Simulation/Traffic_Light_Control/Traffic_tb.v" Line 16 
# run all
Finished circuit initialization process.
